<?xml version="1.0" encoding="UTF-8"?>
<!-- Generated by org.testng.reporters.JUnitXMLReporter -->
<testsuite ignored="0" hostname="MAVBCP3296" failures="0" tests="1" name="Sample2Test" time="2.363" errors="0" timestamp="2021-09-15T14:39:21 IST">
  <testcase classname="com.picnic.CrossBrowserScript" name="@BeforeTest setup" time="2.31">
    <failure type="org.openqa.selenium.SessionNotCreatedException" message="session not created: No matching capabilities found
Build info: version: &amp;apos;3.141.59&amp;apos;, revision: &amp;apos;e82be7d358&amp;apos;, time: &amp;apos;2018-11-14T08:17:03&amp;apos;
System info: host: &amp;apos;MAVBCP3296&amp;apos;, ip: &amp;apos;192.168.43.108&amp;apos;, os.name: &amp;apos;Windows 10&amp;apos;, os.arch: &amp;apos;amd64&amp;apos;, os.version: &amp;apos;10.0&amp;apos;, java.version: &amp;apos;16.0.1&amp;apos;
Driver info: driver.version: FirefoxDriver
remote stacktrace: Backtrace:
	Ordinal0 [0x0102A2D3+2663123]
	Ordinal0 [0x00FBA491+2204817]
	Ordinal0 [0x00EA2118+1057048]
	Ordinal0 [0x00EE9230+1348144]
	Ordinal0 [0x00EE890F+1345807]
	Ordinal0 [0x00EE9B75+1350517]
	Ordinal0 [0x00EE99FA+1350138]
	Ordinal0 [0x00EE589B+1333403]
	Ordinal0 [0x00EC1F74+1187700]
	Ordinal0 [0x00EC2DC9+1191369]
	GetHandleVerifier [0x011C30D6+1610054]
	GetHandleVerifier [0x0126B53B+2299307]
	GetHandleVerifier [0x010B8DA9+519705]
	GetHandleVerifier [0x010B7759+513993]
	Ordinal0 [0x00FC112D+2232621]
	Ordinal0 [0x00FC55F8+2250232]
	Ordinal0 [0x00FC5732+2250546]
	Ordinal0 [0x00FCE591+2286993]
	BaseThreadInitThunk [0x761AFA29+25]
	RtlGetAppContainerNamedObjectPath [0x77587A7E+286]
	RtlGetAppContainerNamedObjectPath [0x77587A4E+238]
">
      <![CDATA[org.openqa.selenium.SessionNotCreatedException: session not created: No matching capabilities found
Build info: version: '3.141.59', revision: 'e82be7d358', time: '2018-11-14T08:17:03'
System info: host: 'MAVBCP3296', ip: '192.168.43.108', os.name: 'Windows 10', os.arch: 'amd64', os.version: '10.0', java.version: '16.0.1'
Driver info: driver.version: FirefoxDriver
remote stacktrace: Backtrace:
Ordinal0 [0x0102A2D3+2663123]
Ordinal0 [0x00FBA491+2204817]
Ordinal0 [0x00EA2118+1057048]
Ordinal0 [0x00EE9230+1348144]
Ordinal0 [0x00EE890F+1345807]
Ordinal0 [0x00EE9B75+1350517]
Ordinal0 [0x00EE99FA+1350138]
Ordinal0 [0x00EE589B+1333403]
Ordinal0 [0x00EC1F74+1187700]
Ordinal0 [0x00EC2DC9+1191369]
GetHandleVerifier [0x011C30D6+1610054]
GetHandleVerifier [0x0126B53B+2299307]
GetHandleVerifier [0x010B8DA9+519705]
GetHandleVerifier [0x010B7759+513993]
Ordinal0 [0x00FC112D+2232621]
Ordinal0 [0x00FC55F8+2250232]
Ordinal0 [0x00FC5732+2250546]
Ordinal0 [0x00FCE591+2286993]
BaseThreadInitThunk [0x761AFA29+25]
RtlGetAppContainerNamedObjectPath [0x77587A7E+286]
RtlGetAppContainerNamedObjectPath [0x77587A4E+238]

at org.openqa.selenium.remote.W3CHandshakeResponse.lambda$errorHandler$0(W3CHandshakeResponse.java:62)
at org.openqa.selenium.remote.HandshakeResponse.lambda$getResponseFunction$0(HandshakeResponse.java:30)
at org.openqa.selenium.remote.ProtocolHandshake.lambda$createSession$0(ProtocolHandshake.java:126)
at java.base/java.util.stream.ReferencePipeline$3$1.accept(ReferencePipeline.java:197)
at java.base/java.util.Spliterators$ArraySpliterator.tryAdvance(Spliterators.java:958)
at java.base/java.util.stream.ReferencePipeline.forEachWithCancel(ReferencePipeline.java:129)
at java.base/java.util.stream.AbstractPipeline.copyIntoWithCancel(AbstractPipeline.java:502)
at java.base/java.util.stream.AbstractPipeline.copyInto(AbstractPipeline.java:488)
at java.base/java.util.stream.AbstractPipeline.wrapAndCopyInto(AbstractPipeline.java:474)
at java.base/java.util.stream.FindOps$FindOp.evaluateSequential(FindOps.java:150)
at java.base/java.util.stream.AbstractPipeline.evaluate(AbstractPipeline.java:234)
at java.base/java.util.stream.ReferencePipeline.findFirst(ReferencePipeline.java:647)
at org.openqa.selenium.remote.ProtocolHandshake.createSession(ProtocolHandshake.java:128)
at org.openqa.selenium.remote.ProtocolHandshake.createSession(ProtocolHandshake.java:74)
at org.openqa.selenium.remote.HttpCommandExecutor.execute(HttpCommandExecutor.java:136)
at org.openqa.selenium.remote.service.DriverCommandExecutor.execute(DriverCommandExecutor.java:83)
at org.openqa.selenium.remote.RemoteWebDriver.execute(RemoteWebDriver.java:552)
at org.openqa.selenium.remote.RemoteWebDriver.startSession(RemoteWebDriver.java:213)
at org.openqa.selenium.remote.RemoteWebDriver.<init>(RemoteWebDriver.java:131)
at org.openqa.selenium.firefox.FirefoxDriver.<init>(FirefoxDriver.java:147)
at org.openqa.selenium.firefox.FirefoxDriver.<init>(FirefoxDriver.java:125)
at com.picnic.CrossBrowserScript.setup(CrossBrowserScript.java:29)
... Removed 29 stack frames]]>
    </failure>
  </testcase> <!-- @BeforeTest setup -->
  <testcase classname="com.picnic.CrossBrowserScript" name="testParameterWithXML" time="0.0">
    <skipped/>
  </testcase> <!-- testParameterWithXML -->
</testsuite> <!-- Sample2Test -->
