<?xml version="1.0" encoding="UTF-8"?>
<testng-results ignored="0" total="2" passed="2" failed="0" skipped="0">
  <reporter-output>
  </reporter-output>
  <suite started-at="2021-09-17T09:15:43 IST" name="SampleSuite2" finished-at="2021-09-17T09:16:35 IST" duration-ms="52553">
    <groups>
    </groups>
    <test started-at="2021-09-17T09:15:43 IST" name="SampleTest" finished-at="2021-09-17T09:16:07 IST" duration-ms="23985">
      <class name="com.picnic.CrossBrowserScript">
        <test-method is-config="true" signature="setup(java.lang.String)[pri:0, instance:com.picnic.CrossBrowserScript@7e7be63f]" started-at="2021-09-17T09:15:43 IST" name="setup" finished-at="2021-09-17T09:15:49 IST" duration-ms="6522" status="PASS">
          <params>
            <param index="0">
              <value>
                <![CDATA[Chrome]]>
              </value>
            </param>
          </params>
          <reporter-output>
          </reporter-output>
        </test-method> <!-- setup -->
        <test-method signature="testParameterWithXML()[pri:0, instance:com.picnic.CrossBrowserScript@7e7be63f]" started-at="2021-09-17T09:15:49 IST" name="testParameterWithXML" finished-at="2021-09-17T09:16:07 IST" duration-ms="17364" status="PASS">
          <reporter-output>
          </reporter-output>
        </test-method> <!-- testParameterWithXML -->
      </class> <!-- com.picnic.CrossBrowserScript -->
    </test> <!-- SampleTest -->
    <test started-at="2021-09-17T09:16:07 IST" name="Sample2Test" finished-at="2021-09-17T09:16:35 IST" duration-ms="28448">
      <class name="com.picnic.CrossBrowserScript">
        <test-method is-config="true" signature="setup(java.lang.String)[pri:0, instance:com.picnic.CrossBrowserScript@290222c1]" started-at="2021-09-17T09:16:07 IST" name="setup" finished-at="2021-09-17T09:16:15 IST" duration-ms="8611" status="PASS">
          <params>
            <param index="0">
              <value>
                <![CDATA[Firefox]]>
              </value>
            </param>
          </params>
          <reporter-output>
          </reporter-output>
        </test-method> <!-- setup -->
        <test-method signature="testParameterWithXML()[pri:0, instance:com.picnic.CrossBrowserScript@290222c1]" started-at="2021-09-17T09:16:15 IST" name="testParameterWithXML" finished-at="2021-09-17T09:16:35 IST" duration-ms="19833" status="PASS">
          <reporter-output>
          </reporter-output>
        </test-method> <!-- testParameterWithXML -->
      </class> <!-- com.picnic.CrossBrowserScript -->
    </test> <!-- Sample2Test -->
  </suite> <!-- SampleSuite2 -->
</testng-results>
